\BOOKMARK [1][-]{section.1}{\376\377\000P\000a\000t\000t\000o\000\040\000d\000i\000\040\000R\000i\000s\000e\000r\000v\000a\000t\000e\000z\000z\000a\000\040\000g\000r\000a\000y\000h\000e\000i\000g\000h\000t\0000\000.\0009\000p\000t}{}% 1
\BOOKMARK [2][-]{subsection.1.1}{\376\377\000B\000i\000l\000a\000t\000e\000r\000a\000l\000i\000t\000\340}{section.1}% 2
\BOOKMARK [2][-]{subsection.1.2}{\376\377\000S\000c\000o\000p\000o}{section.1}% 3
\BOOKMARK [2][-]{subsection.1.3}{\376\377\000D\000u\000r\000a\000t\000a}{section.1}% 4
\BOOKMARK [2][-]{subsection.1.4}{\376\377\000C\000o\000n\000d\000i\000v\000i\000s\000i\000o\000n\000e\000\040\000c\000o\000n\000\040\000t\000e\000r\000z\000e\000\040\000p\000a\000r\000t\000i}{section.1}% 5
\BOOKMARK [1][-]{section.2}{\376\377\000E\000s\000c\000l\000u\000s\000i\000o\000n\000e\000\040\000d\000e\000l\000l\000e\000\040\000R\000e\000s\000p\000o\000n\000s\000a\000b\000i\000l\000i\000t\000\340\000\040\000g\000r\000a\000y\000h\000e\000i\000g\000h\000t\0000\000.\0009\000p\000t}{}% 6
\BOOKMARK [1][-]{section.3}{\376\377\000a\000w\000e\000s\000o\000m\000e\000-\000r\000e\000d\000C\000o\000n\000d\000a\000r\000k\000t\000e\000x\000t\000t\000a\000t\000t\000i\000t\000e\000x\000t\000\040\362\273\000\040\000g\000r\000a\000y\000h\000e\000i\000g\000h\000t\0000\000.\0009\000p\000t}{}% 7
\BOOKMARK [2][-]{subsection.3.1}{\376\377\000J\000a\000m\000a\000l\000S\000e\000c\000\040\000s\000r\000l}{section.3}% 8
\BOOKMARK [2][-]{subsection.3.2}{\376\377\000C\000l\000i\000e\000n\000t\000e}{section.3}% 9
\BOOKMARK [1][-]{section.4}{\376\377\000a\000w\000e\000s\000o\000m\000e\000-\000r\000e\000d\000R\000i\000s\000d\000a\000r\000k\000t\000e\000x\000t\000u\000l\000t\000a\000t\000i\000\040\362\000\000g\000r\000a\000y\000h\000e\000i\000g\000h\000t\0000\000.\0009\000p\000t}{}% 10
\BOOKMARK [2][-]{subsection.4.1}{\376\377\000L\000e\000g\000e\000n\000d\000a}{section.4}% 11
\BOOKMARK [1][-]{section.5}{\376\377\000a\000w\000e\000s\000o\000m\000e\000-\000r\000e\000d\000S\000i\000n\000d\000a\000r\000k\000t\000e\000x\000t\000t\000e\000s\000i\000\040\000\050\000E\000x\000e\000c\000u\000t\000i\000v\000e\000\040\000S\000u\000m\000m\000a\000r\000y\000\051\000\040\000g\000r\000a\000y\000h\000e\000i\000g\000h\000t\0000\000.\0009\000p\000t}{}% 12
\BOOKMARK [2][-]{subsection.5.1}{\376\377\000R\000i\000e\000p\000i\000l\000o\000g\000o\000\040\000a\000t\000t\000a\000c\000c\000o}{section.5}% 13
\BOOKMARK [2][-]{subsection.5.2}{\376\377\000A\000l\000t\000r\000i\000\040\000d\000e\000t\000t\000a\000g\000l\000i}{section.5}% 14
\BOOKMARK [1][-]{section.6}{\376\377\000a\000w\000e\000s\000o\000m\000e\000-\000r\000e\000d\000V\000A\000P\000T\000d\000a\000r\000k\000t\000e\000x\000t\000:\000\040\000d\000e\000t\000t\000a\000g\000l\000i\000\040\000t\000e\000c\000n\000i\000c\000i\000\040\361\210\000g\000r\000a\000y\000h\000e\000i\000g\000h\000t\0000\000.\0009\000p\000t}{}% 15
\BOOKMARK [2][-]{subsection.6.1}{\376\377\000R\000i\000c\000o\000g\000n\000i\000z\000i\000o\000n\000e}{section.6}% 16
\BOOKMARK [2][-]{subsection.6.2}{\376\377\000S\000h\000e\000l\000l\000\040\000w\000w\000w\000-\000d\000a\000t\000a}{section.6}% 17
\BOOKMARK [2][-]{subsection.6.3}{\376\377\000P\000r\000i\000v\000i\000l\000e\000g\000e\000\040\000E\000s\000c\000a\000l\000a\000t\000i\000o\000n}{section.6}% 18
\BOOKMARK [2][-]{subsection.6.4}{\376\377\000S\000i\000s\000t\000e\000m\000a\000\040\000L\000i\000n\000u\000x\000\040\000\050\000I\000P\000:\000\040\0001\0009\0002\000.\0001\0006\0008\000.\0000\000.\0000\000\051}{section.6}% 19
\BOOKMARK [3][-]{subsubsection.6.4.1}{\376\377\000E\000n\000u\000m\000e\000r\000a\000z\000i\000o\000n\000e\000\040\000S\000e\000r\000v\000i\000z\000i}{subsection.6.4}% 20
\BOOKMARK [3][-]{subsubsection.6.4.2}{\376\377\000V\000u\000l\000n\000e\000r\000a\000b\000i\000l\000i\000t\000y\000\040\000E\000x\000p\000l\000a\000n\000a\000t\000i\000o\000n}{subsection.6.4}% 21
\BOOKMARK [3][-]{subsubsection.6.4.3}{\376\377\000F\000i\000x\000\040\000V\000u\000l\000n\000e\000r\000a\000b\000i\000l\000i\000t\000a}{subsection.6.4}% 22
\BOOKMARK [3][-]{subsubsection.6.4.4}{\376\377\000P\000r\000o\000o\000f\000\040\000o\000f\000\040\000C\000o\000n\000c\000e\000p\000t\000\040\000C\000o\000d\000e}{subsection.6.4}% 23
\BOOKMARK [3][-]{subsubsection.6.4.5}{\376\377\000S\000h\000e\000l\000l\000\040\000S\000c\000r\000e\000e\000n\000s\000h\000o\000t}{subsection.6.4}% 24
\BOOKMARK [3][-]{subsubsection.6.4.6}{\376\377\000E\000l\000e\000v\000a\000z\000i\000o\000n\000e\000\040\000P\000r\000i\000v\000i\000l\000e\000g\000i}{subsection.6.4}% 25
\BOOKMARK [3][-]{subsubsection.6.4.7}{\376\377\000D\000e\000s\000c\000r\000i\000z\000i\000o\000n\000e\000\040\000V\000u\000l\000n\000e\000r\000a\000b\000i\000l\000i\000t\000a\000'}{subsection.6.4}% 26
\BOOKMARK [2][-]{subsection.6.5}{\376\377\000a\000w\000e\000s\000o\000m\000e\000-\000r\000e\000d\000P\000a\000s\000s\000d\000a\000r\000k\000t\000e\000x\000t\000w\000o\000r\000d\000\040\000d\000a\000t\000a\000\040\000b\000r\000e\000a\000c\000h}{section.6}% 27
\BOOKMARK [3][-]{subsubsection.6.5.1}{\376\377\000a\000w\000e\000s\000o\000m\000e\000-\000r\000e\000d\000P\000r\000o\000d\000a\000r\000k\000t\000e\000x\000t\000o\000f\000\040\000o\000f\000\040\000c\000o\000n\000c\000e\000p\000t}{subsection.6.5}% 28
\BOOKMARK [3][-]{subsubsection.6.5.2}{\376\377\000a\000w\000e\000s\000o\000m\000e\000-\000r\000e\000d\000M\000i\000t\000d\000a\000r\000k\000t\000e\000x\000t\000i\000g\000a\000z\000i\000o\000n\000e\000\040\360\255}{subsection.6.5}% 29
